17-Dec-2023 16:40:41.448 INFO [main] org.apache.catalina.startup.VersionLoggerListener.log Server version name:   Apache Tomcat/8.5.96
17-Dec-2023 16:40:41.450 INFO [main] org.apache.catalina.startup.VersionLoggerListener.log Server built:          Nov 10 2023 14:56:59 UTC
17-Dec-2023 16:40:41.450 INFO [main] org.apache.catalina.startup.VersionLoggerListener.log Server version number: 8.5.96.0
17-Dec-2023 16:40:41.450 INFO [main] org.apache.catalina.startup.VersionLoggerListener.log OS Name:               Windows 10
17-Dec-2023 16:40:41.450 INFO [main] org.apache.catalina.startup.VersionLoggerListener.log Версия ОС:             10.0
17-Dec-2023 16:40:41.450 INFO [main] org.apache.catalina.startup.VersionLoggerListener.log Архитектура:           amd64
17-Dec-2023 16:40:41.450 INFO [main] org.apache.catalina.startup.VersionLoggerListener.log Java Home:             C:\Users\User\.jdks\semeru-1.8.0_402\jre
17-Dec-2023 16:40:41.450 INFO [main] org.apache.catalina.startup.VersionLoggerListener.log Версия JVM:            1.8.0_402-b04
17-Dec-2023 16:40:41.450 INFO [main] org.apache.catalina.startup.VersionLoggerListener.log Производитель JVM:     Eclipse OpenJ9
17-Dec-2023 16:40:41.450 INFO [main] org.apache.catalina.startup.VersionLoggerListener.log CATALINA_BASE:         C:\Users\User\Desktop\CoursWeb\src\main\webapp\WEB-INF
17-Dec-2023 16:40:41.451 INFO [main] org.apache.catalina.startup.VersionLoggerListener.log CATALINA_HOME:         C:\Program Files\Apache Software Foundation\Tomcat 8.5
17-Dec-2023 16:40:41.451 INFO [main] org.apache.catalina.startup.VersionLoggerListener.log Command line argument: -Xoptionsfile=C:\Users\User\.jdks\semeru-1.8.0_402\jre\bin\default\options.default
17-Dec-2023 16:40:41.451 INFO [main] org.apache.catalina.startup.VersionLoggerListener.log Command line argument: -Xlockword:mode=default,noLockword=java/lang/String,noLockword=java/util/MapEntry,noLockword=java/util/HashMap$Entry,noLockword=org/apache/harmony/luni/util/ModifiedMap$Entry,noLockword=java/util/Hashtable$Entry,noLockword=java/lang/invoke/MethodType,noLockword=java/lang/invoke/MethodHandle,noLockword=java/lang/invoke/CollectHandle,noLockword=java/lang/invoke/ConstructorHandle,noLockword=java/lang/invoke/ConvertHandle,noLockword=java/lang/invoke/ArgumentConversionHandle,noLockword=java/lang/invoke/AsTypeHandle,noLockword=java/lang/invoke/ExplicitCastHandle,noLockword=java/lang/invoke/FilterReturnHandle,noLockword=java/lang/invoke/DirectHandle,noLockword=java/lang/invoke/ReceiverBoundHandle,noLockword=java/lang/invoke/DynamicInvokerHandle,noLockword=java/lang/invoke/FieldHandle,noLockword=java/lang/invoke/FieldGetterHandle,noLockword=java/lang/invoke/FieldSetterHandle,noLockword=java/lang/invoke/StaticFieldGetterHandle,noLockword=java/lang/invoke/StaticFieldSetterHandle,noLockword=java/lang/invoke/IndirectHandle,noLockword=java/lang/invoke/InterfaceHandle,noLockword=java/lang/invoke/VirtualHandle,noLockword=java/lang/invoke/PrimitiveHandle,noLockword=java/lang/invoke/InvokeExactHandle,noLockword=java/lang/invoke/InvokeGenericHandle,noLockword=java/lang/invoke/VarargsCollectorHandle,noLockword=java/lang/invoke/ThunkTuple
17-Dec-2023 16:40:41.451 INFO [main] org.apache.catalina.startup.VersionLoggerListener.log Command line argument: -XX:+EnsureHashed:java/lang/Class,java/lang/Thread
17-Dec-2023 16:40:41.451 INFO [main] org.apache.catalina.startup.VersionLoggerListener.log Command line argument: -Xjcl:jclse29
17-Dec-2023 16:40:41.451 INFO [main] org.apache.catalina.startup.VersionLoggerListener.log Command line argument: -Dcom.ibm.oti.vm.bootstrap.library.path=C:\Users\User\.jdks\semeru-1.8.0_402\jre\bin\default;C:\Users\User\.jdks\semeru-1.8.0_402\jre\bin
17-Dec-2023 16:40:41.451 INFO [main] org.apache.catalina.startup.VersionLoggerListener.log Command line argument: -Dsun.boot.library.path=C:\Users\User\.jdks\semeru-1.8.0_402\jre\bin\default;C:\Users\User\.jdks\semeru-1.8.0_402\jre\bin
17-Dec-2023 16:40:41.451 INFO [main] org.apache.catalina.startup.VersionLoggerListener.log Command line argument: -Djava.library.path=C:\Users\User\.jdks\semeru-1.8.0_402\jre\bin\default;C:\Users\User\.jdks\semeru-1.8.0_402\jre\bin;C:\Windows\system32;C:\Windows;C:\Program Files\Common Files\Oracle\Java\javapath;C:\ProgramData\Oracle\Java\javapath;C:\Windows\system32;C:\Windows;C:\Windows\System32\Wbem;C:\Windows\System32\WindowsPowerShell\v1.0\;C:\Windows\System32\OpenSSH\;C:\Program Files (x86)\NVIDIA Corporation\PhysX\Common;C:\Program Files\NVIDIA Corporation\NVIDIA NvDLISR;C:\MinGW\bin;C:\Program Files\Git\cmd;C:\Program Files (x86)\dotnet\;C:\Users\User\AppData\Local\Programs\Python\Python39\Scripts\;C:\Users\User\AppData\Local\Programs\Python\Python39\;C:\Users\User\AppData\Local\Microsoft\WindowsApps;C:\Users\User\AppData\Local\Programs\Microsoft VS Code\bin;C:\Program Files\apache-maven-3.9.6\bin;;.
17-Dec-2023 16:40:41.453 INFO [main] org.apache.catalina.startup.VersionLoggerListener.log Command line argument: -Djava.home=C:\Users\User\.jdks\semeru-1.8.0_402\jre
17-Dec-2023 16:40:41.453 INFO [main] org.apache.catalina.startup.VersionLoggerListener.log Command line argument: -Djava.ext.dirs=C:\Users\User\.jdks\semeru-1.8.0_402\jre\lib\ext
17-Dec-2023 16:40:41.453 INFO [main] org.apache.catalina.startup.VersionLoggerListener.log Command line argument: -Duser.dir=C:\Users\User\Desktop\CoursWeb\src\main\webapp\WEB-INF
17-Dec-2023 16:40:41.453 INFO [main] org.apache.catalina.startup.VersionLoggerListener.log Command line argument: -Djava.class.path=.
17-Dec-2023 16:40:41.453 INFO [main] org.apache.catalina.startup.VersionLoggerListener.log Command line argument: -Dcatalina.home=C:\Program Files\Apache Software Foundation\Tomcat 8.5
17-Dec-2023 16:40:41.453 INFO [main] org.apache.catalina.startup.VersionLoggerListener.log Command line argument: -Dcatalina.base=C:\Users\User\Desktop\CoursWeb\src\main\webapp\WEB-INF
17-Dec-2023 16:40:41.454 INFO [main] org.apache.catalina.startup.VersionLoggerListener.log Command line argument: -Djava.io.tmpdir=C:\Users\User\Desktop\CoursWeb\src\main\webapp\WEB-INF\temp
17-Dec-2023 16:40:41.454 INFO [main] org.apache.catalina.startup.VersionLoggerListener.log Command line argument: -Djava.util.logging.config.file=C:\Users\User\Desktop\CoursWeb\src\main\webapp\WEB-INF\conf\logging.properties
17-Dec-2023 16:40:41.454 INFO [main] org.apache.catalina.startup.VersionLoggerListener.log Command line argument: -Djava.util.logging.manager=org.apache.juli.ClassLoaderLogManager
17-Dec-2023 16:40:41.454 INFO [main] org.apache.catalina.startup.VersionLoggerListener.log Command line argument: -javaagent:C:\Program Files\JetBrains\IntelliJ IDEA 2023.2.5\lib\idea_rt.jar=62415:C:\Program Files\JetBrains\IntelliJ IDEA 2023.2.5\bin
17-Dec-2023 16:40:41.454 INFO [main] org.apache.catalina.startup.VersionLoggerListener.log Command line argument: -Dfile.encoding=UTF-8
17-Dec-2023 16:40:41.454 INFO [main] org.apache.catalina.startup.VersionLoggerListener.log Command line argument: -Djava.class.path=C:\Program Files\Apache Software Foundation\Tomcat 8.5\bin\bootstrap.jar;C:\Program Files\Apache Software Foundation\Tomcat 8.5\bin\tomcat-juli.jar
17-Dec-2023 16:40:41.454 INFO [main] org.apache.catalina.startup.VersionLoggerListener.log Command line argument: -Dsun.java.command=org.apache.catalina.startup.Bootstrap start
17-Dec-2023 16:40:41.454 INFO [main] org.apache.catalina.startup.VersionLoggerListener.log Command line argument: -Dsun.java.launcher=SUN_STANDARD
17-Dec-2023 16:40:41.454 INFO [main] org.apache.catalina.core.AprLifecycleListener.lifecycleEvent The Apache Tomcat Native library which allows using OpenSSL was not found on the java.library.path: [C:\Users\User\.jdks\semeru-1.8.0_402\jre\bin\default;C:\Users\User\.jdks\semeru-1.8.0_402\jre\bin;C:\Windows\system32;C:\Windows;C:\Program Files\Common Files\Oracle\Java\javapath;C:\ProgramData\Oracle\Java\javapath;C:\Windows\system32;C:\Windows;C:\Windows\System32\Wbem;C:\Windows\System32\WindowsPowerShell\v1.0\;C:\Windows\System32\OpenSSH\;C:\Program Files (x86)\NVIDIA Corporation\PhysX\Common;C:\Program Files\NVIDIA Corporation\NVIDIA NvDLISR;C:\MinGW\bin;C:\Program Files\Git\cmd;C:\Program Files (x86)\dotnet\;C:\Users\User\AppData\Local\Programs\Python\Python39\Scripts\;C:\Users\User\AppData\Local\Programs\Python\Python39\;C:\Users\User\AppData\Local\Microsoft\WindowsApps;C:\Users\User\AppData\Local\Programs\Microsoft VS Code\bin;C:\Program Files\apache-maven-3.9.6\bin;;.]
17-Dec-2023 16:40:41.524 INFO [main] org.apache.coyote.AbstractProtocol.init Инициализация ProtocolHandler ["http-nio-8080"]
17-Dec-2023 16:40:41.531 SEVERE [main] org.apache.catalina.core.StandardService.initInternal Failed to initialize connector [Connector["http-nio-8080"]]
org.apache.catalina.LifecycleException: Protocol handler initialization failed
	at org.apache.catalina.connector.Connector.initInternal(Connector.java:1075)
	at org.apache.catalina.util.LifecycleBase.init(LifecycleBase.java:127)
	at org.apache.catalina.core.StandardService.initInternal(StandardService.java:564)
	at org.apache.catalina.util.LifecycleBase.init(LifecycleBase.java:127)
	at org.apache.catalina.core.StandardServer.initInternal(StandardServer.java:854)
	at org.apache.catalina.util.LifecycleBase.init(LifecycleBase.java:127)
	at org.apache.catalina.startup.Catalina.load(Catalina.java:646)
	at org.apache.catalina.startup.Catalina.load(Catalina.java:669)
	at sun.reflect.NativeMethodAccessorImpl.invoke0(Native Method)
	at sun.reflect.NativeMethodAccessorImpl.invoke(NativeMethodAccessorImpl.java:62)
	at sun.reflect.DelegatingMethodAccessorImpl.invoke(DelegatingMethodAccessorImpl.java:43)
	at java.lang.reflect.Method.invoke(Method.java:503)
	at org.apache.catalina.startup.Bootstrap.load(Bootstrap.java:307)
	at org.apache.catalina.startup.Bootstrap.main(Bootstrap.java:477)
Caused by: java.net.BindException: Address already in use: bind
	at sun.nio.ch.Net.bind0(Native Method)
	at sun.nio.ch.Net.bind(Net.java:461)
	at sun.nio.ch.Net.bind(Net.java:453)
	at sun.nio.ch.ServerSocketChannelImpl.bind(ServerSocketChannelImpl.java:222)
	at sun.nio.ch.ServerSocketAdaptor.bind(ServerSocketAdaptor.java:85)
	at org.apache.tomcat.util.net.NioEndpoint.initServerSocket(NioEndpoint.java:226)
	at org.apache.tomcat.util.net.NioEndpoint.bind(NioEndpoint.java:202)
	at org.apache.tomcat.util.net.AbstractEndpoint.bindWithCleanup(AbstractEndpoint.java:1326)
	at org.apache.tomcat.util.net.AbstractEndpoint.init(AbstractEndpoint.java:1339)
	at org.apache.tomcat.util.net.AbstractJsseEndpoint.init(AbstractJsseEndpoint.java:231)
	at org.apache.coyote.AbstractProtocol.init(AbstractProtocol.java:695)
	at org.apache.coyote.http11.AbstractHttp11Protocol.init(AbstractHttp11Protocol.java:76)
	at org.apache.catalina.connector.Connector.initInternal(Connector.java:1073)
	... 13 more
17-Dec-2023 16:40:41.532 INFO [main] org.apache.catalina.startup.Catalina.load Initialization processed in 394 ms
17-Dec-2023 16:40:41.557 INFO [main] org.apache.catalina.core.StandardService.startInternal Starting service [Catalina]
17-Dec-2023 16:40:41.557 INFO [main] org.apache.catalina.core.StandardEngine.startInternal Starting Servlet engine: [Apache Tomcat/8.5.96]
17-Dec-2023 16:40:41.568 INFO [localhost-startStop-1] org.apache.catalina.startup.HostConfig.deployDescriptor Deploying deployment descriptor [C:\Users\User\Desktop\CoursWeb\src\main\webapp\WEB-INF\conf\Catalina\localhost\CoursWeb#LoginServlet.xml]
17-Dec-2023 16:40:44.153 INFO [localhost-startStop-1] org.apache.jasper.servlet.TldScanner.scanJars At least one JAR was scanned for TLDs yet contained no TLDs. Enable debug logging for this logger for a complete list of JARs that were scanned but no TLDs were found in them. Skipping unneeded JARs during scanning can improve startup time and JSP compilation time.
17-Dec-2023 16:40:44.729 WARNING [localhost-startStop-1] org.apache.catalina.util.SessionIdGeneratorBase.createSecureRandom Creation of SecureRandom instance for session ID generation using [SHA1PRNG] took [522] milliseconds.
17-Dec-2023 16:40:44.748 INFO [localhost-startStop-1] org.apache.catalina.startup.HostConfig.deployDescriptor Deployment of deployment descriptor [C:\Users\User\Desktop\CoursWeb\src\main\webapp\WEB-INF\conf\Catalina\localhost\CoursWeb#LoginServlet.xml] has finished in [3 181] ms
17-Dec-2023 16:40:44.749 INFO [main] org.apache.catalina.startup.Catalina.start Server startup in 3217 ms
17-Dec-2023 16:41:01.617 INFO [Thread-2] org.apache.coyote.AbstractProtocol.pause Pausing ProtocolHandler ["http-nio-8080"]
17-Dec-2023 16:41:01.618 INFO [Thread-2] org.apache.catalina.core.StandardService.stopInternal Stopping service [Catalina]
17-Dec-2023 16:41:01.628 INFO [Thread-2] org.apache.coyote.AbstractProtocol.stop Stopping ProtocolHandler ["http-nio-8080"]
17-Dec-2023 16:41:01.629 INFO [Thread-2] org.apache.coyote.AbstractProtocol.destroy Destroying ProtocolHandler ["http-nio-8080"]
