15-Dec-2023 11:33:05.084 INFO [main] org.apache.catalina.startup.VersionLoggerListener.log Server version name:   Apache Tomcat/8.5.96
15-Dec-2023 11:33:05.088 INFO [main] org.apache.catalina.startup.VersionLoggerListener.log Server built:          Nov 10 2023 14:56:59 UTC
15-Dec-2023 11:33:05.089 INFO [main] org.apache.catalina.startup.VersionLoggerListener.log Server version number: 8.5.96.0
15-Dec-2023 11:33:05.089 INFO [main] org.apache.catalina.startup.VersionLoggerListener.log OS Name:               Windows 10
15-Dec-2023 11:33:05.089 INFO [main] org.apache.catalina.startup.VersionLoggerListener.log Версия ОС:             10.0
15-Dec-2023 11:33:05.089 INFO [main] org.apache.catalina.startup.VersionLoggerListener.log Архитектура:           amd64
15-Dec-2023 11:33:05.090 INFO [main] org.apache.catalina.startup.VersionLoggerListener.log Java Home:             C:\Users\User\.jdks\semeru-1.8.0_402\jre
15-Dec-2023 11:33:05.090 INFO [main] org.apache.catalina.startup.VersionLoggerListener.log Версия JVM:            1.8.0_402-b04
15-Dec-2023 11:33:05.090 INFO [main] org.apache.catalina.startup.VersionLoggerListener.log Производитель JVM:     Eclipse OpenJ9
15-Dec-2023 11:33:05.090 INFO [main] org.apache.catalina.startup.VersionLoggerListener.log CATALINA_BASE:         C:\Users\User\Desktop\lab15
15-Dec-2023 11:33:05.090 INFO [main] org.apache.catalina.startup.VersionLoggerListener.log CATALINA_HOME:         C:\Program Files\Apache Software Foundation\Tomcat 8.5
15-Dec-2023 11:33:05.091 INFO [main] org.apache.catalina.startup.VersionLoggerListener.log Command line argument: -Xoptionsfile=C:\Users\User\.jdks\semeru-1.8.0_402\jre\bin\default\options.default
15-Dec-2023 11:33:05.091 INFO [main] org.apache.catalina.startup.VersionLoggerListener.log Command line argument: -Xlockword:mode=default,noLockword=java/lang/String,noLockword=java/util/MapEntry,noLockword=java/util/HashMap$Entry,noLockword=org/apache/harmony/luni/util/ModifiedMap$Entry,noLockword=java/util/Hashtable$Entry,noLockword=java/lang/invoke/MethodType,noLockword=java/lang/invoke/MethodHandle,noLockword=java/lang/invoke/CollectHandle,noLockword=java/lang/invoke/ConstructorHandle,noLockword=java/lang/invoke/ConvertHandle,noLockword=java/lang/invoke/ArgumentConversionHandle,noLockword=java/lang/invoke/AsTypeHandle,noLockword=java/lang/invoke/ExplicitCastHandle,noLockword=java/lang/invoke/FilterReturnHandle,noLockword=java/lang/invoke/DirectHandle,noLockword=java/lang/invoke/ReceiverBoundHandle,noLockword=java/lang/invoke/DynamicInvokerHandle,noLockword=java/lang/invoke/FieldHandle,noLockword=java/lang/invoke/FieldGetterHandle,noLockword=java/lang/invoke/FieldSetterHandle,noLockword=java/lang/invoke/StaticFieldGetterHandle,noLockword=java/lang/invoke/StaticFieldSetterHandle,noLockword=java/lang/invoke/IndirectHandle,noLockword=java/lang/invoke/InterfaceHandle,noLockword=java/lang/invoke/VirtualHandle,noLockword=java/lang/invoke/PrimitiveHandle,noLockword=java/lang/invoke/InvokeExactHandle,noLockword=java/lang/invoke/InvokeGenericHandle,noLockword=java/lang/invoke/VarargsCollectorHandle,noLockword=java/lang/invoke/ThunkTuple
15-Dec-2023 11:33:05.092 INFO [main] org.apache.catalina.startup.VersionLoggerListener.log Command line argument: -XX:+EnsureHashed:java/lang/Class,java/lang/Thread
15-Dec-2023 11:33:05.092 INFO [main] org.apache.catalina.startup.VersionLoggerListener.log Command line argument: -Xjcl:jclse29
15-Dec-2023 11:33:05.092 INFO [main] org.apache.catalina.startup.VersionLoggerListener.log Command line argument: -Dcom.ibm.oti.vm.bootstrap.library.path=C:\Users\User\.jdks\semeru-1.8.0_402\jre\bin\default;C:\Users\User\.jdks\semeru-1.8.0_402\jre\bin
15-Dec-2023 11:33:05.092 INFO [main] org.apache.catalina.startup.VersionLoggerListener.log Command line argument: -Dsun.boot.library.path=C:\Users\User\.jdks\semeru-1.8.0_402\jre\bin\default;C:\Users\User\.jdks\semeru-1.8.0_402\jre\bin
15-Dec-2023 11:33:05.092 INFO [main] org.apache.catalina.startup.VersionLoggerListener.log Command line argument: -Djava.library.path=C:\Users\User\.jdks\semeru-1.8.0_402\jre\bin\default;C:\Users\User\.jdks\semeru-1.8.0_402\jre\bin;C:\Windows\system32;C:\Windows;C:\Program Files\Common Files\Oracle\Java\javapath;C:\ProgramData\Oracle\Java\javapath;C:\Windows\system32;C:\Windows;C:\Windows\System32\Wbem;C:\Windows\System32\WindowsPowerShell\v1.0\;C:\Windows\System32\OpenSSH\;C:\Program Files (x86)\NVIDIA Corporation\PhysX\Common;C:\Program Files\NVIDIA Corporation\NVIDIA NvDLISR;C:\MinGW\bin;C:\Program Files\Git\cmd;C:\Program Files (x86)\dotnet\;C:\Users\User\AppData\Local\Programs\Python\Python39\Scripts\;C:\Users\User\AppData\Local\Programs\Python\Python39\;C:\Users\User\AppData\Local\Microsoft\WindowsApps;C:\Users\User\AppData\Local\Programs\Microsoft VS Code\bin;.
15-Dec-2023 11:33:05.093 INFO [main] org.apache.catalina.startup.VersionLoggerListener.log Command line argument: -Djava.home=C:\Users\User\.jdks\semeru-1.8.0_402\jre
15-Dec-2023 11:33:05.095 INFO [main] org.apache.catalina.startup.VersionLoggerListener.log Command line argument: -Djava.ext.dirs=C:\Users\User\.jdks\semeru-1.8.0_402\jre\lib\ext
15-Dec-2023 11:33:05.095 INFO [main] org.apache.catalina.startup.VersionLoggerListener.log Command line argument: -Duser.dir=C:\Users\User\Desktop\lab15
15-Dec-2023 11:33:05.096 INFO [main] org.apache.catalina.startup.VersionLoggerListener.log Command line argument: -Djava.class.path=.
15-Dec-2023 11:33:05.096 INFO [main] org.apache.catalina.startup.VersionLoggerListener.log Command line argument: -Dcatalina.home=C:\Program Files\Apache Software Foundation\Tomcat 8.5
15-Dec-2023 11:33:05.096 INFO [main] org.apache.catalina.startup.VersionLoggerListener.log Command line argument: -Dcatalina.base=C:\Users\User\Desktop\lab15
15-Dec-2023 11:33:05.096 INFO [main] org.apache.catalina.startup.VersionLoggerListener.log Command line argument: -Djava.io.tmpdir=C:\Users\User\Desktop\lab15\temp
15-Dec-2023 11:33:05.098 INFO [main] org.apache.catalina.startup.VersionLoggerListener.log Command line argument: -Djava.util.logging.config.file=C:\Users\User\Desktop\lab15\conf\logging.properties
15-Dec-2023 11:33:05.098 INFO [main] org.apache.catalina.startup.VersionLoggerListener.log Command line argument: -Djava.util.logging.manager=org.apache.juli.ClassLoaderLogManager
15-Dec-2023 11:33:05.098 INFO [main] org.apache.catalina.startup.VersionLoggerListener.log Command line argument: -javaagent:C:\Program Files\JetBrains\IntelliJ IDEA 2023.2.5\lib\idea_rt.jar=59884:C:\Program Files\JetBrains\IntelliJ IDEA 2023.2.5\bin
15-Dec-2023 11:33:05.098 INFO [main] org.apache.catalina.startup.VersionLoggerListener.log Command line argument: -Dfile.encoding=UTF-8
15-Dec-2023 11:33:05.098 INFO [main] org.apache.catalina.startup.VersionLoggerListener.log Command line argument: -Djava.class.path=C:\Program Files\Apache Software Foundation\Tomcat 8.5\bin\bootstrap.jar;C:\Program Files\Apache Software Foundation\Tomcat 8.5\bin\tomcat-juli.jar
15-Dec-2023 11:33:05.098 INFO [main] org.apache.catalina.startup.VersionLoggerListener.log Command line argument: -Dsun.java.command=org.apache.catalina.startup.Bootstrap start
15-Dec-2023 11:33:05.098 INFO [main] org.apache.catalina.startup.VersionLoggerListener.log Command line argument: -Dsun.java.launcher=SUN_STANDARD
15-Dec-2023 11:33:05.099 INFO [main] org.apache.catalina.core.AprLifecycleListener.lifecycleEvent The Apache Tomcat Native library which allows using OpenSSL was not found on the java.library.path: [C:\Users\User\.jdks\semeru-1.8.0_402\jre\bin\default;C:\Users\User\.jdks\semeru-1.8.0_402\jre\bin;C:\Windows\system32;C:\Windows;C:\Program Files\Common Files\Oracle\Java\javapath;C:\ProgramData\Oracle\Java\javapath;C:\Windows\system32;C:\Windows;C:\Windows\System32\Wbem;C:\Windows\System32\WindowsPowerShell\v1.0\;C:\Windows\System32\OpenSSH\;C:\Program Files (x86)\NVIDIA Corporation\PhysX\Common;C:\Program Files\NVIDIA Corporation\NVIDIA NvDLISR;C:\MinGW\bin;C:\Program Files\Git\cmd;C:\Program Files (x86)\dotnet\;C:\Users\User\AppData\Local\Programs\Python\Python39\Scripts\;C:\Users\User\AppData\Local\Programs\Python\Python39\;C:\Users\User\AppData\Local\Microsoft\WindowsApps;C:\Users\User\AppData\Local\Programs\Microsoft VS Code\bin;.]
15-Dec-2023 11:33:05.417 INFO [main] org.apache.coyote.AbstractProtocol.init Инициализация ProtocolHandler ["http-nio-8080"]
15-Dec-2023 11:33:05.460 INFO [main] org.apache.catalina.startup.Catalina.load Initialization processed in 1670 ms
15-Dec-2023 11:33:05.528 INFO [main] org.apache.catalina.core.StandardService.startInternal Starting service [Catalina]
15-Dec-2023 11:33:05.529 INFO [main] org.apache.catalina.core.StandardEngine.startInternal Starting Servlet engine: [Apache Tomcat/8.5.96]
15-Dec-2023 11:33:05.546 INFO [localhost-startStop-1] org.apache.catalina.startup.HostConfig.deployDescriptor Deploying deployment descriptor [C:\Users\User\Desktop\lab15\conf\Catalina\localhost\lab15.xml]
15-Dec-2023 11:33:07.182 SEVERE [localhost-startStop-1] org.apache.catalina.core.ContainerBase.addChildInternal ContainerBase.addChild: start: 
org.apache.catalina.LifecycleException: Failed to start component [org.apache.catalina.authenticator.NonLoginAuthenticator[/lab15]]
	at org.apache.catalina.util.LifecycleBase.handleSubClassException(LifecycleBase.java:419)
	at org.apache.catalina.util.LifecycleBase.start(LifecycleBase.java:186)
	at org.apache.catalina.core.StandardPipeline.startInternal(StandardPipeline.java:170)
	at org.apache.catalina.util.LifecycleBase.start(LifecycleBase.java:171)
	at org.apache.catalina.core.StandardContext.startInternal(StandardContext.java:4816)
	at org.apache.catalina.util.LifecycleBase.start(LifecycleBase.java:171)
	at org.apache.catalina.core.ContainerBase.addChildInternal(ContainerBase.java:710)
	at org.apache.catalina.core.ContainerBase.addChild(ContainerBase.java:687)
	at org.apache.catalina.core.StandardHost.addChild(StandardHost.java:660)
	at org.apache.catalina.startup.HostConfig.deployDescriptor(HostConfig.java:673)
	at org.apache.catalina.startup.HostConfig$DeployDescriptor.run(HostConfig.java:1881)
	at java.util.concurrent.Executors$RunnableAdapter.call(Executors.java:511)
	at java.util.concurrent.FutureTask.run(FutureTask.java:266)
	at java.util.concurrent.ThreadPoolExecutor.runWorker(ThreadPoolExecutor.java:1149)
	at java.util.concurrent.ThreadPoolExecutor$Worker.run(ThreadPoolExecutor.java:624)
	at java.lang.Thread.run(Thread.java:826)
Caused by: java.lang.NoSuchMethodError: javax/servlet/ServletContext.getVirtualServerName()Ljava/lang/String; (loaded from file:/C:/Users/User/Desktop/lab15/lib/javax.servlet.jar by java.net.URLClassLoader@eb2cc3ee) called from class org.apache.catalina.authenticator.AuthenticatorBase (loaded from file:/C:/Program%20Files/Apache%20Software%20Foundation/Tomcat%208.5/lib/catalina.jar by java.net.URLClassLoader@eb2cc3ee).
	at org.apache.catalina.authenticator.AuthenticatorBase.startInternal(AuthenticatorBase.java:1203)
	at org.apache.catalina.util.LifecycleBase.start(LifecycleBase.java:171)
	... 14 more
15-Dec-2023 11:33:07.184 SEVERE [localhost-startStop-1] org.apache.catalina.startup.HostConfig.deployDescriptor Error deploying deployment descriptor [C:\Users\User\Desktop\lab15\conf\Catalina\localhost\lab15.xml]
java.lang.IllegalStateException: Error starting child
	at org.apache.catalina.core.ContainerBase.addChildInternal(ContainerBase.java:714)
	at org.apache.catalina.core.ContainerBase.addChild(ContainerBase.java:687)
	at org.apache.catalina.core.StandardHost.addChild(StandardHost.java:660)
	at org.apache.catalina.startup.HostConfig.deployDescriptor(HostConfig.java:673)
	at org.apache.catalina.startup.HostConfig$DeployDescriptor.run(HostConfig.java:1881)
	at java.util.concurrent.Executors$RunnableAdapter.call(Executors.java:511)
	at java.util.concurrent.FutureTask.run(FutureTask.java:266)
	at java.util.concurrent.ThreadPoolExecutor.runWorker(ThreadPoolExecutor.java:1149)
	at java.util.concurrent.ThreadPoolExecutor$Worker.run(ThreadPoolExecutor.java:624)
	at java.lang.Thread.run(Thread.java:826)
Caused by: org.apache.catalina.LifecycleException: Failed to start component [org.apache.catalina.authenticator.NonLoginAuthenticator[/lab15]]
	at org.apache.catalina.util.LifecycleBase.handleSubClassException(LifecycleBase.java:419)
	at org.apache.catalina.util.LifecycleBase.start(LifecycleBase.java:186)
	at org.apache.catalina.core.StandardPipeline.startInternal(StandardPipeline.java:170)
	at org.apache.catalina.util.LifecycleBase.start(LifecycleBase.java:171)
	at org.apache.catalina.core.StandardContext.startInternal(StandardContext.java:4816)
	at org.apache.catalina.util.LifecycleBase.start(LifecycleBase.java:171)
	at org.apache.catalina.core.ContainerBase.addChildInternal(ContainerBase.java:710)
	... 9 more
Caused by: java.lang.NoSuchMethodError: javax/servlet/ServletContext.getVirtualServerName()Ljava/lang/String; (loaded from file:/C:/Users/User/Desktop/lab15/lib/javax.servlet.jar by java.net.URLClassLoader@eb2cc3ee) called from class org.apache.catalina.authenticator.AuthenticatorBase (loaded from file:/C:/Program%20Files/Apache%20Software%20Foundation/Tomcat%208.5/lib/catalina.jar by java.net.URLClassLoader@eb2cc3ee).
	at org.apache.catalina.authenticator.AuthenticatorBase.startInternal(AuthenticatorBase.java:1203)
	at org.apache.catalina.util.LifecycleBase.start(LifecycleBase.java:171)
	... 14 more
15-Dec-2023 11:33:07.194 INFO [localhost-startStop-1] org.apache.catalina.startup.HostConfig.deployDescriptor Deployment of deployment descriptor [C:\Users\User\Desktop\lab15\conf\Catalina\localhost\lab15.xml] has finished in [1 645] ms
15-Dec-2023 11:33:07.197 INFO [main] org.apache.coyote.AbstractProtocol.start Starting ProtocolHandler ["http-nio-8080"]
15-Dec-2023 11:33:08.363 INFO [main] org.apache.catalina.startup.Catalina.start Server startup in 2903 ms
15-Dec-2023 11:34:03.648 INFO [Thread-2] org.apache.coyote.AbstractProtocol.pause Pausing ProtocolHandler ["http-nio-8080"]
15-Dec-2023 11:34:04.480 INFO [Thread-2] org.apache.catalina.core.StandardService.stopInternal Stopping service [Catalina]
15-Dec-2023 11:34:04.486 INFO [Thread-2] org.apache.coyote.AbstractProtocol.stop Stopping ProtocolHandler ["http-nio-8080"]
15-Dec-2023 11:34:04.502 INFO [Thread-2] org.apache.coyote.AbstractProtocol.destroy Destroying ProtocolHandler ["http-nio-8080"]
